cut -f 3 Homo_sapiens.GRCh37.66.gtf | sort | uniq -c

780218 CDS
1234927 exon
87047 start_codon
78894 stop_codon

cut -f 1 Homo_sapiens.GRCh37.66.gtf | sort | uniq -c

205763 1
84099 10
133912 11
134220 12
33613 13
78891 14
81610 15
97213 16
86558 17
20963 18
77666 19
161474 2
47474 20
24098 21
50032 22
134358 3
83752 4
96968 5
101769 6
105099 7
78748 8
81307 9
  46 GL000191.1
  60 GL000192.1
  17 GL000193.1
   7 GL000194.1
   8 GL000195.1
   2 GL000199.1
  25 GL000201.1
   4 GL000204.1
  12 GL000205.1
 204 GL000209.1
   1 GL000211.1
   8 GL000212.1
  25 GL000213.1
   1 GL000216.1
  10 GL000218.1
  32 GL000219.1
  18 GL000220.1
  17 GL000222.1
  31 GL000223.1
   4 GL000224.1
   1 GL000225.1
  39 GL000228.1
   1 GL000229.1
   3 GL000230.1
   2 GL000233.1
   1 GL000236.1
   3 GL000240.1
   1 GL000241.1
   9 GL000242.1
   2 GL000243.1
   3 GL000247.1
   6 HG1000_2_PATCH
 194 HG1032_PATCH
2283 HG104_HG975_PATCH
 794 HG115_PATCH
  20 HG14_PATCH
  77 HG183_PATCH
1072 HG185_PATCH
 431 HG186_PATCH
 212 HG19_PATCH
1338 HG243_PATCH
  34 HG281_PATCH
   5 HG480_HG481_PATCH
  48 HG506_HG1000_1_PATCH
  14 HG531_PATCH
  28 HG536_PATCH
 243 HG544_PATCH
  75 HG686_PATCH
  27 HG706_PATCH
  60 HG730_PATCH
  40 HG736_PATCH
 351 HG745_PATCH
 577 HG75_PATCH
 844 HG79_PATCH
1296 HG7_PATCH
 111 HG858_PATCH
 249 HG905_PATCH
 652 HG946_PATCH
  52 HG987_PATCH
 100 HG989_PATCH
  21 HG990_PATCH
  79 HG991_PATCH
 101 HG996_PATCH
  86 HG998_1_PATCH
  65 HG998_2_PATCH
  19 HG999_1_PATCH
   1 HG999_2_PATCH
1150 HSCHR17_1
 176 HSCHR4_1
6204 HSCHR6_MHC_APD
16323 HSCHR6_MHC_COX
15237 HSCHR6_MHC_DBB
12705 HSCHR6_MHC_MANN
14828 HSCHR6_MHC_MCF
15545 HSCHR6_MHC_QBL
13154 HSCHR6_MHC_SSTO
  64 MT
68162 X
5749 Y

cut -f 1 Homo_sapiens.GRCh37.66.exon.gtf | sort | uniq -c

118073 chr1
47088 chr10
75880 chr11
75678 chr12
19347 chr13
45177 chr14
47846 chr15
55963 chr16
45801 chr17
10726 chr18
39682 chr19
92333 chr2
26669 chr20
14107 chr21
28853 chr22
76863 chr3
47845 chr4
55933 chr5
56052 chr6
60908 chr7
45686 chr8
45733 chr9
37651 chrX
3817 chrY

