488432 CDS
689492 exon
51297 start_codon
48640 stop_codon
74754 1
56551 10
110506 11
38113 12
38238 13
43221 14
46524 15
42030 16
58637 17
26548 18
37251 19
126989 2
59076 3
90757 4
87548 5
65289 6
95267 7
57793 8
67521 9
  69 MT
  15 NT_053651
   4 NT_072868
  30 NT_109319
  68 NT_110857
   2 NT_112000
  25 NT_161866
   8 NT_161868
  22 NT_161872
  11 NT_161875
  10 NT_161877
   8 NT_161879
   8 NT_161885
  10 NT_161892
   4 NT_161895
   5 NT_161897
   4 NT_161898
  18 NT_161902
  36 NT_161904
  14 NT_161906
  25 NT_161911
   4 NT_161916
  45 NT_161923
  11 NT_161924
  18 NT_161925
   9 NT_161926
  27 NT_161937
  44 NT_162750
 260 NT_165754
  47 NT_165789
  14 NT_165790
  17 NT_165791
  14 NT_165792
   4 NT_165793
  12 NT_165794
  16 NT_165795
  19 NT_165796
   4 NT_165798
  69 NT_166280
  61 NT_166281
  36 NT_166282
   5 NT_166286
  26 NT_166290
  17 NT_166291
  30 NT_166303
   9 NT_166307
  11 NT_166308
  38 NT_166309
  23 NT_166310
  24 NT_166311
  60 NT_166313
  30 NT_166314
  75 NT_166323
  25 NT_166326
   2 NT_166327
  20 NT_166328
  68 NT_166333
   1 NT_166339
  19 NT_166341
   4 NT_166344
  12 NT_166345
  33 NT_166346
   4 NT_166347
   4 NT_166348
  37 NT_166349
  10 NT_166350
  12 NT_166351
   8 NT_166352
  13 NT_166353
  12 NT_166354
   3 NT_166357
  10 NT_166358
   9 NT_166360
   9 NT_166361
   5 NT_166362
  25 NT_166363
   3 NT_166365
  12 NT_166366
  21 NT_166368
  24 NT_166369
   4 NT_166370
   6 NT_166371
   8 NT_166372
   3 NT_166374
   9 NT_166376
   5 NT_166377
   7 NT_166378
   8 NT_166380
  10 NT_166381
  20 NT_166382
   4 NT_166383
  18 NT_166384
  20 NT_166385
   6 NT_166386
  10 NT_166389
   4 NT_166390
  18 NT_166392
  53 NT_166402
  22 NT_166403
  24 NT_166404
   8 NT_166405
   9 NT_166407
  18 NT_166408
  28 NT_166409
  10 NT_166410
  10 NT_166412
  16 NT_166413
  51 NT_166414
   6 NT_166415
  17 NT_166416
   4 NT_166417
  14 NT_166418
   5 NT_166419
  14 NT_166420
  21 NT_166421
   8 NT_166422
   6 NT_166424
  35 NT_166433
  94 NT_166434
  18 NT_166435
  14 NT_166436
   8 NT_166437
  45 NT_166438
  24 NT_166439
  22 NT_166440
   3 NT_166441
  10 NT_166442
   3 NT_166443
   4 NT_166445
  24 NT_166447
   1 NT_166456
   2 NT_166466
  28 NT_166468
   2 NT_166469
51628 X
 899 Y
